<?xml version="1.0" encoding="UTF-8"?>
<testsuite name="com.example.userint.JwtUserControllerV1Tests" tests="2" skipped="0" failures="0" errors="0" timestamp="2023-11-20T22:47:57" hostname="MacBook-Pro-de-Cristian.local" time="5.558">
  <properties/>
  <testcase name="updateUser()" classname="com.example.userint.JwtUserControllerV1Tests" time="5.133"/>
  <testcase name="getUser()" classname="com.example.userint.JwtUserControllerV1Tests" time="0.424"/>
  <system-out><![CDATA[2023-11-20 19:47:57.440  INFO 70631 --- [    Test worker] .b.t.c.SpringBootTestContextBootstrapper : Neither @ContextConfiguration nor @ContextHierarchy found for test class [com.example.userint.JwtUserControllerV1Tests], using SpringBootContextLoader
2023-11-20 19:47:57.443  INFO 70631 --- [    Test worker] o.s.t.c.support.AbstractContextLoader    : Could not detect default resource locations for test class [com.example.userint.JwtUserControllerV1Tests]: no resource found for suffixes {-context.xml, Context.groovy}.
2023-11-20 19:47:57.444  INFO 70631 --- [    Test worker] t.c.s.AnnotationConfigContextLoaderUtils : Could not detect default configuration classes for test class [com.example.userint.JwtUserControllerV1Tests]: JwtUserControllerV1Tests does not declare any static, non-private, non-final, nested classes annotated with @Configuration.
2023-11-20 19:47:57.447  INFO 70631 --- [    Test worker] .b.t.c.SpringBootTestContextBootstrapper : Found @SpringBootConfiguration com.example.userint.UserIntApplication for test class com.example.userint.JwtUserControllerV1Tests
2023-11-20 19:47:57.451  INFO 70631 --- [    Test worker] .b.t.c.SpringBootTestContextBootstrapper : Loaded default TestExecutionListener class names from location [META-INF/spring.factories]: [org.springframework.security.test.context.support.WithSecurityContextTestExecutionListener, org.springframework.security.test.context.support.ReactorContextTestExecutionListener, org.springframework.boot.test.autoconfigure.restdocs.RestDocsTestExecutionListener, org.springframework.boot.test.autoconfigure.web.client.MockRestServiceServerResetTestExecutionListener, org.springframework.boot.test.autoconfigure.web.servlet.MockMvcPrintOnlyOnFailureTestExecutionListener, org.springframework.boot.test.autoconfigure.web.servlet.WebDriverTestExecutionListener, org.springframework.boot.test.autoconfigure.webservices.client.MockWebServiceServerTestExecutionListener, org.springframework.boot.test.mock.mockito.MockitoTestExecutionListener, org.springframework.boot.test.mock.mockito.ResetMocksTestExecutionListener, org.springframework.test.context.web.ServletTestExecutionListener, org.springframework.test.context.support.DirtiesContextBeforeModesTestExecutionListener, org.springframework.test.context.event.ApplicationEventsTestExecutionListener, org.springframework.test.context.support.DependencyInjectionTestExecutionListener, org.springframework.test.context.support.DirtiesContextTestExecutionListener, org.springframework.test.context.transaction.TransactionalTestExecutionListener, org.springframework.test.context.jdbc.SqlScriptsTestExecutionListener, org.springframework.test.context.event.EventPublishingTestExecutionListener]
2023-11-20 19:47:57.452  INFO 70631 --- [    Test worker] .b.t.c.SpringBootTestContextBootstrapper : Using TestExecutionListeners: [org.springframework.test.context.web.ServletTestExecutionListener@697c9218, org.springframework.test.context.support.DirtiesContextBeforeModesTestExecutionListener@bce34d0, org.springframework.test.context.event.ApplicationEventsTestExecutionListener@148d7cfa, org.springframework.boot.test.mock.mockito.MockitoTestExecutionListener@3a907c78, org.springframework.boot.test.autoconfigure.SpringBootDependencyInjectionTestExecutionListener@37f1d560, org.springframework.test.context.support.DirtiesContextTestExecutionListener@4d630ffa, org.springframework.test.context.transaction.TransactionalTestExecutionListener@32f6d000, org.springframework.test.context.jdbc.SqlScriptsTestExecutionListener@bbc199a, org.springframework.security.test.context.support.WithSecurityContextTestExecutionListener@325f9758, org.springframework.test.context.event.EventPublishingTestExecutionListener@67964236, org.springframework.security.test.context.support.ReactorContextTestExecutionListener@6364e814, org.springframework.boot.test.autoconfigure.restdocs.RestDocsTestExecutionListener@8ff4d2b, org.springframework.boot.test.autoconfigure.web.client.MockRestServiceServerResetTestExecutionListener@4654fe3b, org.springframework.boot.test.autoconfigure.web.servlet.MockMvcPrintOnlyOnFailureTestExecutionListener@13068335, org.springframework.boot.test.autoconfigure.web.servlet.WebDriverTestExecutionListener@57e6fd09, org.springframework.boot.test.autoconfigure.webservices.client.MockWebServiceServerTestExecutionListener@258274cb, org.springframework.boot.test.mock.mockito.ResetMocksTestExecutionListener@44c6e366]
Hibernate: select users0_.id as id1_5_, users0_.adress as adress2_5_, users0_.code as code3_5_, users0_.created_at as created_4_5_, users0_.date_validationotp as date_val5_5_, users0_.email as email6_5_, users0_.favorites as favorite7_5_, users0_.icon as icon8_5_, users0_.last_name as last_nam9_5_, users0_.name as name10_5_, users0_.otp_code as otp_cod11_5_, users0_.password as passwor12_5_, users0_.phone as phone13_5_, users0_.rol as rol14_5_, users0_.updated_at as updated15_5_, users0_.user_name as user_na16_5_ from users users0_ where users0_.code=?
Hibernate: update users set adress=?, code=?, created_at=?, date_validationotp=?, email=?, favorites=?, icon=?, last_name=?, name=?, otp_code=?, password=?, phone=?, rol=?, updated_at=?, user_name=? where id=?
Hibernate: select users0_.id as id1_5_, users0_.adress as adress2_5_, users0_.code as code3_5_, users0_.created_at as created_4_5_, users0_.date_validationotp as date_val5_5_, users0_.email as email6_5_, users0_.favorites as favorite7_5_, users0_.icon as icon8_5_, users0_.last_name as last_nam9_5_, users0_.name as name10_5_, users0_.otp_code as otp_cod11_5_, users0_.password as passwor12_5_, users0_.phone as phone13_5_, users0_.rol as rol14_5_, users0_.updated_at as updated15_5_, users0_.user_name as user_na16_5_ from users users0_ where users0_.code=?
Hibernate: select users0_.id as id1_5_, users0_.adress as adress2_5_, users0_.code as code3_5_, users0_.created_at as created_4_5_, users0_.date_validationotp as date_val5_5_, users0_.email as email6_5_, users0_.favorites as favorite7_5_, users0_.icon as icon8_5_, users0_.last_name as last_nam9_5_, users0_.name as name10_5_, users0_.otp_code as otp_cod11_5_, users0_.password as passwor12_5_, users0_.phone as phone13_5_, users0_.rol as rol14_5_, users0_.updated_at as updated15_5_, users0_.user_name as user_na16_5_ from users users0_ where users0_.code=?
Hibernate: update users set adress=?, code=?, created_at=?, date_validationotp=?, email=?, favorites=?, icon=?, last_name=?, name=?, otp_code=?, password=?, phone=?, rol=?, updated_at=?, user_name=? where id=?
Hibernate: select users0_.id as id1_5_, users0_.adress as adress2_5_, users0_.code as code3_5_, users0_.created_at as created_4_5_, users0_.date_validationotp as date_val5_5_, users0_.email as email6_5_, users0_.favorites as favorite7_5_, users0_.icon as icon8_5_, users0_.last_name as last_nam9_5_, users0_.name as name10_5_, users0_.otp_code as otp_cod11_5_, users0_.password as passwor12_5_, users0_.phone as phone13_5_, users0_.rol as rol14_5_, users0_.updated_at as updated15_5_, users0_.user_name as user_na16_5_ from users users0_ where users0_.code=?
Hibernate: select users0_.id as id1_5_, users0_.adress as adress2_5_, users0_.code as code3_5_, users0_.created_at as created_4_5_, users0_.date_validationotp as date_val5_5_, users0_.email as email6_5_, users0_.favorites as favorite7_5_, users0_.icon as icon8_5_, users0_.last_name as last_nam9_5_, users0_.name as name10_5_, users0_.otp_code as otp_cod11_5_, users0_.password as passwor12_5_, users0_.phone as phone13_5_, users0_.rol as rol14_5_, users0_.updated_at as updated15_5_, users0_.user_name as user_na16_5_ from users users0_ where users0_.code=?
]]></system-out>
  <system-err><![CDATA[]]></system-err>
</testsuite>
