<?xml version="1.0" encoding="UTF-8"?>
<testsuite name="com.example.userint.controller.JwtLoginControllerV1Test" tests="3" skipped="0" failures="0" errors="0" timestamp="2023-11-20T23:56:50" hostname="MacBook-Pro-de-Cristian.local" time="0.915">
  <properties/>
  <testcase name="loginRigth()" classname="com.example.userint.controller.JwtLoginControllerV1Test" time="0.474"/>
  <testcase name="loginBadUser()" classname="com.example.userint.controller.JwtLoginControllerV1Test" time="0.223"/>
  <testcase name="loginBadPassword()" classname="com.example.userint.controller.JwtLoginControllerV1Test" time="0.215"/>
  <system-out><![CDATA[2023-11-20 20:56:50.349  INFO 75235 --- [    Test worker] .b.t.c.SpringBootTestContextBootstrapper : Neither @ContextConfiguration nor @ContextHierarchy found for test class [com.example.userint.controller.JwtLoginControllerV1Test], using SpringBootContextLoader
2023-11-20 20:56:50.350  INFO 75235 --- [    Test worker] o.s.t.c.support.AbstractContextLoader    : Could not detect default resource locations for test class [com.example.userint.controller.JwtLoginControllerV1Test]: no resource found for suffixes {-context.xml, Context.groovy}.
2023-11-20 20:56:50.351  INFO 75235 --- [    Test worker] t.c.s.AnnotationConfigContextLoaderUtils : Could not detect default configuration classes for test class [com.example.userint.controller.JwtLoginControllerV1Test]: JwtLoginControllerV1Test does not declare any static, non-private, non-final, nested classes annotated with @Configuration.
2023-11-20 20:56:50.354  INFO 75235 --- [    Test worker] .b.t.c.SpringBootTestContextBootstrapper : Found @SpringBootConfiguration com.example.userint.UserIntApplication for test class com.example.userint.controller.JwtLoginControllerV1Test
2023-11-20 20:56:50.357  INFO 75235 --- [    Test worker] .b.t.c.SpringBootTestContextBootstrapper : Loaded default TestExecutionListener class names from location [META-INF/spring.factories]: [org.springframework.security.test.context.support.WithSecurityContextTestExecutionListener, org.springframework.security.test.context.support.ReactorContextTestExecutionListener, org.springframework.boot.test.autoconfigure.restdocs.RestDocsTestExecutionListener, org.springframework.boot.test.autoconfigure.web.client.MockRestServiceServerResetTestExecutionListener, org.springframework.boot.test.autoconfigure.web.servlet.MockMvcPrintOnlyOnFailureTestExecutionListener, org.springframework.boot.test.autoconfigure.web.servlet.WebDriverTestExecutionListener, org.springframework.boot.test.autoconfigure.webservices.client.MockWebServiceServerTestExecutionListener, org.springframework.boot.test.mock.mockito.MockitoTestExecutionListener, org.springframework.boot.test.mock.mockito.ResetMocksTestExecutionListener, org.springframework.test.context.web.ServletTestExecutionListener, org.springframework.test.context.support.DirtiesContextBeforeModesTestExecutionListener, org.springframework.test.context.event.ApplicationEventsTestExecutionListener, org.springframework.test.context.support.DependencyInjectionTestExecutionListener, org.springframework.test.context.support.DirtiesContextTestExecutionListener, org.springframework.test.context.transaction.TransactionalTestExecutionListener, org.springframework.test.context.jdbc.SqlScriptsTestExecutionListener, org.springframework.test.context.event.EventPublishingTestExecutionListener]
2023-11-20 20:56:50.358  INFO 75235 --- [    Test worker] .b.t.c.SpringBootTestContextBootstrapper : Using TestExecutionListeners: [org.springframework.test.context.web.ServletTestExecutionListener@6e0a9752, org.springframework.test.context.support.DirtiesContextBeforeModesTestExecutionListener@5977f3d6, org.springframework.test.context.event.ApplicationEventsTestExecutionListener@4aca25e8, org.springframework.boot.test.mock.mockito.MockitoTestExecutionListener@13a34a70, org.springframework.boot.test.autoconfigure.SpringBootDependencyInjectionTestExecutionListener@2929ef51, org.springframework.test.context.support.DirtiesContextTestExecutionListener@4fa650e1, org.springframework.test.context.transaction.TransactionalTestExecutionListener@54d8c998, org.springframework.test.context.jdbc.SqlScriptsTestExecutionListener@5da1f9b9, org.springframework.security.test.context.support.WithSecurityContextTestExecutionListener@3b14d63b, org.springframework.test.context.event.EventPublishingTestExecutionListener@46c8a8e0, org.springframework.security.test.context.support.ReactorContextTestExecutionListener@54ce2da8, org.springframework.boot.test.autoconfigure.restdocs.RestDocsTestExecutionListener@6707ab9, org.springframework.boot.test.autoconfigure.web.client.MockRestServiceServerResetTestExecutionListener@1b48c142, org.springframework.boot.test.autoconfigure.web.servlet.MockMvcPrintOnlyOnFailureTestExecutionListener@1844e563, org.springframework.boot.test.autoconfigure.web.servlet.WebDriverTestExecutionListener@3dc238ae, org.springframework.boot.test.autoconfigure.webservices.client.MockWebServiceServerTestExecutionListener@3862381d, org.springframework.boot.test.mock.mockito.ResetMocksTestExecutionListener@657dbc82]
Hibernate: select users0_.id as id1_5_, users0_.adress as adress2_5_, users0_.code as code3_5_, users0_.created_at as created_4_5_, users0_.date_validationotp as date_val5_5_, users0_.email as email6_5_, users0_.favorites as favorite7_5_, users0_.icon as icon8_5_, users0_.last_name as last_nam9_5_, users0_.name as name10_5_, users0_.otp_code as otp_cod11_5_, users0_.password as passwor12_5_, users0_.phone as phone13_5_, users0_.rol as rol14_5_, users0_.updated_at as updated15_5_, users0_.user_name as user_na16_5_ from users users0_ where users0_.email=?
Hibernate: select users0_.id as id1_5_, users0_.adress as adress2_5_, users0_.code as code3_5_, users0_.created_at as created_4_5_, users0_.date_validationotp as date_val5_5_, users0_.email as email6_5_, users0_.favorites as favorite7_5_, users0_.icon as icon8_5_, users0_.last_name as last_nam9_5_, users0_.name as name10_5_, users0_.otp_code as otp_cod11_5_, users0_.password as passwor12_5_, users0_.phone as phone13_5_, users0_.rol as rol14_5_, users0_.updated_at as updated15_5_, users0_.user_name as user_na16_5_ from users users0_ where users0_.email=?
Hibernate: select users0_.id as id1_5_, users0_.adress as adress2_5_, users0_.code as code3_5_, users0_.created_at as created_4_5_, users0_.date_validationotp as date_val5_5_, users0_.email as email6_5_, users0_.favorites as favorite7_5_, users0_.icon as icon8_5_, users0_.last_name as last_nam9_5_, users0_.name as name10_5_, users0_.otp_code as otp_cod11_5_, users0_.password as passwor12_5_, users0_.phone as phone13_5_, users0_.rol as rol14_5_, users0_.updated_at as updated15_5_, users0_.user_name as user_na16_5_ from users users0_ where users0_.email=?
Hibernate: select users0_.id as id1_5_, users0_.adress as adress2_5_, users0_.code as code3_5_, users0_.created_at as created_4_5_, users0_.date_validationotp as date_val5_5_, users0_.email as email6_5_, users0_.favorites as favorite7_5_, users0_.icon as icon8_5_, users0_.last_name as last_nam9_5_, users0_.name as name10_5_, users0_.otp_code as otp_cod11_5_, users0_.password as passwor12_5_, users0_.phone as phone13_5_, users0_.rol as rol14_5_, users0_.updated_at as updated15_5_, users0_.user_name as user_na16_5_ from users users0_ where users0_.email=?
]]></system-out>
  <system-err><![CDATA[]]></system-err>
</testsuite>
