<?xml version="1.0" encoding="UTF-8"?>
<testsuite name="com.example.userint.JwtLoginControllerV1Test" tests="3" skipped="0" failures="0" errors="0" timestamp="2023-11-20T22:47:53" hostname="MacBook-Pro-de-Cristian.local" time="0.901">
  <properties/>
  <testcase name="loginRigth()" classname="com.example.userint.JwtLoginControllerV1Test" time="0.458"/>
  <testcase name="loginBadUser()" classname="com.example.userint.JwtLoginControllerV1Test" time="0.225"/>
  <testcase name="loginBadPassword()" classname="com.example.userint.JwtLoginControllerV1Test" time="0.215"/>
  <system-out><![CDATA[2023-11-20 19:47:53.849  INFO 70631 --- [    Test worker] .b.t.c.SpringBootTestContextBootstrapper : Neither @ContextConfiguration nor @ContextHierarchy found for test class [com.example.userint.JwtLoginControllerV1Test], using SpringBootContextLoader
2023-11-20 19:47:53.851  INFO 70631 --- [    Test worker] o.s.t.c.support.AbstractContextLoader    : Could not detect default resource locations for test class [com.example.userint.JwtLoginControllerV1Test]: no resource found for suffixes {-context.xml, Context.groovy}.
2023-11-20 19:47:53.851  INFO 70631 --- [    Test worker] t.c.s.AnnotationConfigContextLoaderUtils : Could not detect default configuration classes for test class [com.example.userint.JwtLoginControllerV1Test]: JwtLoginControllerV1Test does not declare any static, non-private, non-final, nested classes annotated with @Configuration.
2023-11-20 19:47:53.853  INFO 70631 --- [    Test worker] .b.t.c.SpringBootTestContextBootstrapper : Found @SpringBootConfiguration com.example.userint.UserIntApplication for test class com.example.userint.JwtLoginControllerV1Test
2023-11-20 19:47:53.855  INFO 70631 --- [    Test worker] .b.t.c.SpringBootTestContextBootstrapper : Loaded default TestExecutionListener class names from location [META-INF/spring.factories]: [org.springframework.security.test.context.support.WithSecurityContextTestExecutionListener, org.springframework.security.test.context.support.ReactorContextTestExecutionListener, org.springframework.boot.test.autoconfigure.restdocs.RestDocsTestExecutionListener, org.springframework.boot.test.autoconfigure.web.client.MockRestServiceServerResetTestExecutionListener, org.springframework.boot.test.autoconfigure.web.servlet.MockMvcPrintOnlyOnFailureTestExecutionListener, org.springframework.boot.test.autoconfigure.web.servlet.WebDriverTestExecutionListener, org.springframework.boot.test.autoconfigure.webservices.client.MockWebServiceServerTestExecutionListener, org.springframework.boot.test.mock.mockito.MockitoTestExecutionListener, org.springframework.boot.test.mock.mockito.ResetMocksTestExecutionListener, org.springframework.test.context.web.ServletTestExecutionListener, org.springframework.test.context.support.DirtiesContextBeforeModesTestExecutionListener, org.springframework.test.context.event.ApplicationEventsTestExecutionListener, org.springframework.test.context.support.DependencyInjectionTestExecutionListener, org.springframework.test.context.support.DirtiesContextTestExecutionListener, org.springframework.test.context.transaction.TransactionalTestExecutionListener, org.springframework.test.context.jdbc.SqlScriptsTestExecutionListener, org.springframework.test.context.event.EventPublishingTestExecutionListener]
2023-11-20 19:47:53.855  INFO 70631 --- [    Test worker] .b.t.c.SpringBootTestContextBootstrapper : Using TestExecutionListeners: [org.springframework.test.context.web.ServletTestExecutionListener@5aad32b3, org.springframework.test.context.support.DirtiesContextBeforeModesTestExecutionListener@76067600, org.springframework.test.context.event.ApplicationEventsTestExecutionListener@5f0d1a0d, org.springframework.boot.test.mock.mockito.MockitoTestExecutionListener@579c24c2, org.springframework.boot.test.autoconfigure.SpringBootDependencyInjectionTestExecutionListener@6497bc28, org.springframework.test.context.support.DirtiesContextTestExecutionListener@21e470cc, org.springframework.test.context.transaction.TransactionalTestExecutionListener@160ecb8f, org.springframework.test.context.jdbc.SqlScriptsTestExecutionListener@200257b8, org.springframework.security.test.context.support.WithSecurityContextTestExecutionListener@79add96c, org.springframework.test.context.event.EventPublishingTestExecutionListener@7b4db485, org.springframework.security.test.context.support.ReactorContextTestExecutionListener@1bff5ad0, org.springframework.boot.test.autoconfigure.restdocs.RestDocsTestExecutionListener@29726180, org.springframework.boot.test.autoconfigure.web.client.MockRestServiceServerResetTestExecutionListener@3e83ab7b, org.springframework.boot.test.autoconfigure.web.servlet.MockMvcPrintOnlyOnFailureTestExecutionListener@287cd9b2, org.springframework.boot.test.autoconfigure.web.servlet.WebDriverTestExecutionListener@49342fb7, org.springframework.boot.test.autoconfigure.webservices.client.MockWebServiceServerTestExecutionListener@73703970, org.springframework.boot.test.mock.mockito.ResetMocksTestExecutionListener@508b9c16]
Hibernate: select users0_.id as id1_5_, users0_.adress as adress2_5_, users0_.code as code3_5_, users0_.created_at as created_4_5_, users0_.date_validationotp as date_val5_5_, users0_.email as email6_5_, users0_.favorites as favorite7_5_, users0_.icon as icon8_5_, users0_.last_name as last_nam9_5_, users0_.name as name10_5_, users0_.otp_code as otp_cod11_5_, users0_.password as passwor12_5_, users0_.phone as phone13_5_, users0_.rol as rol14_5_, users0_.updated_at as updated15_5_, users0_.user_name as user_na16_5_ from users users0_ where users0_.email=?
Hibernate: select users0_.id as id1_5_, users0_.adress as adress2_5_, users0_.code as code3_5_, users0_.created_at as created_4_5_, users0_.date_validationotp as date_val5_5_, users0_.email as email6_5_, users0_.favorites as favorite7_5_, users0_.icon as icon8_5_, users0_.last_name as last_nam9_5_, users0_.name as name10_5_, users0_.otp_code as otp_cod11_5_, users0_.password as passwor12_5_, users0_.phone as phone13_5_, users0_.rol as rol14_5_, users0_.updated_at as updated15_5_, users0_.user_name as user_na16_5_ from users users0_ where users0_.email=?
Hibernate: select users0_.id as id1_5_, users0_.adress as adress2_5_, users0_.code as code3_5_, users0_.created_at as created_4_5_, users0_.date_validationotp as date_val5_5_, users0_.email as email6_5_, users0_.favorites as favorite7_5_, users0_.icon as icon8_5_, users0_.last_name as last_nam9_5_, users0_.name as name10_5_, users0_.otp_code as otp_cod11_5_, users0_.password as passwor12_5_, users0_.phone as phone13_5_, users0_.rol as rol14_5_, users0_.updated_at as updated15_5_, users0_.user_name as user_na16_5_ from users users0_ where users0_.email=?
Hibernate: select users0_.id as id1_5_, users0_.adress as adress2_5_, users0_.code as code3_5_, users0_.created_at as created_4_5_, users0_.date_validationotp as date_val5_5_, users0_.email as email6_5_, users0_.favorites as favorite7_5_, users0_.icon as icon8_5_, users0_.last_name as last_nam9_5_, users0_.name as name10_5_, users0_.otp_code as otp_cod11_5_, users0_.password as passwor12_5_, users0_.phone as phone13_5_, users0_.rol as rol14_5_, users0_.updated_at as updated15_5_, users0_.user_name as user_na16_5_ from users users0_ where users0_.email=?
]]></system-out>
  <system-err><![CDATA[]]></system-err>
</testsuite>
