<?xml version="1.0" encoding="UTF-8"?>
<testsuite name="com.example.userint.controller.JWTCardControllerTest" tests="3" skipped="0" failures="0" errors="0" timestamp="2023-11-21T02:11:42" hostname="MacBook-Pro-de-Cristian.local" time="12.063">
  <properties/>
  <testcase name="updateCard()" classname="com.example.userint.controller.JWTCardControllerTest" time="8.406"/>
  <testcase name="getCard()" classname="com.example.userint.controller.JWTCardControllerTest" time="0.437"/>
  <testcase name="createAndDeleteCard()" classname="com.example.userint.controller.JWTCardControllerTest" time="3.215"/>
  <system-out><![CDATA[23:11:26.242 [Test worker] DEBUG org.springframework.test.context.BootstrapUtils - Instantiating CacheAwareContextLoaderDelegate from class [org.springframework.test.context.cache.DefaultCacheAwareContextLoaderDelegate]
23:11:26.257 [Test worker] DEBUG org.springframework.test.context.BootstrapUtils - Instantiating BootstrapContext using constructor [public org.springframework.test.context.support.DefaultBootstrapContext(java.lang.Class,org.springframework.test.context.CacheAwareContextLoaderDelegate)]
23:11:26.295 [Test worker] DEBUG org.springframework.test.context.BootstrapUtils - Instantiating TestContextBootstrapper for test class [com.example.userint.controller.JWTCardControllerTest] from class [org.springframework.boot.test.context.SpringBootTestContextBootstrapper]
23:11:26.311 [Test worker] INFO org.springframework.boot.test.context.SpringBootTestContextBootstrapper - Neither @ContextConfiguration nor @ContextHierarchy found for test class [com.example.userint.controller.JWTCardControllerTest], using SpringBootContextLoader
23:11:26.316 [Test worker] DEBUG org.springframework.test.context.support.AbstractContextLoader - Did not detect default resource location for test class [com.example.userint.controller.JWTCardControllerTest]: class path resource [com/example/userint/controller/JWTCardControllerTest-context.xml] does not exist
23:11:26.317 [Test worker] DEBUG org.springframework.test.context.support.AbstractContextLoader - Did not detect default resource location for test class [com.example.userint.controller.JWTCardControllerTest]: class path resource [com/example/userint/controller/JWTCardControllerTestContext.groovy] does not exist
23:11:26.317 [Test worker] INFO org.springframework.test.context.support.AbstractContextLoader - Could not detect default resource locations for test class [com.example.userint.controller.JWTCardControllerTest]: no resource found for suffixes {-context.xml, Context.groovy}.
23:11:26.318 [Test worker] INFO org.springframework.test.context.support.AnnotationConfigContextLoaderUtils - Could not detect default configuration classes for test class [com.example.userint.controller.JWTCardControllerTest]: JWTCardControllerTest does not declare any static, non-private, non-final, nested classes annotated with @Configuration.
23:11:26.381 [Test worker] DEBUG org.springframework.test.context.support.ActiveProfilesUtils - Could not find an 'annotation declaring class' for annotation type [org.springframework.test.context.ActiveProfiles] and class [com.example.userint.controller.JWTCardControllerTest]
23:11:26.447 [Test worker] DEBUG org.springframework.context.annotation.ClassPathScanningCandidateComponentProvider - Identified candidate component class: file [/Users/cristianescujuri/Desktop/user-int/build/classes/kotlin/main/com/example/userint/UserIntApplication.class]
23:11:26.449 [Test worker] INFO org.springframework.boot.test.context.SpringBootTestContextBootstrapper - Found @SpringBootConfiguration com.example.userint.UserIntApplication for test class com.example.userint.controller.JWTCardControllerTest
23:11:26.560 [Test worker] DEBUG org.springframework.boot.test.context.SpringBootTestContextBootstrapper - @TestExecutionListeners is not present for class [com.example.userint.controller.JWTCardControllerTest]: using defaults.
23:11:26.561 [Test worker] INFO org.springframework.boot.test.context.SpringBootTestContextBootstrapper - Loaded default TestExecutionListener class names from location [META-INF/spring.factories]: [org.springframework.security.test.context.support.WithSecurityContextTestExecutionListener, org.springframework.security.test.context.support.ReactorContextTestExecutionListener, org.springframework.boot.test.autoconfigure.restdocs.RestDocsTestExecutionListener, org.springframework.boot.test.autoconfigure.web.client.MockRestServiceServerResetTestExecutionListener, org.springframework.boot.test.autoconfigure.web.servlet.MockMvcPrintOnlyOnFailureTestExecutionListener, org.springframework.boot.test.autoconfigure.web.servlet.WebDriverTestExecutionListener, org.springframework.boot.test.autoconfigure.webservices.client.MockWebServiceServerTestExecutionListener, org.springframework.boot.test.mock.mockito.MockitoTestExecutionListener, org.springframework.boot.test.mock.mockito.ResetMocksTestExecutionListener, org.springframework.test.context.web.ServletTestExecutionListener, org.springframework.test.context.support.DirtiesContextBeforeModesTestExecutionListener, org.springframework.test.context.event.ApplicationEventsTestExecutionListener, org.springframework.test.context.support.DependencyInjectionTestExecutionListener, org.springframework.test.context.support.DirtiesContextTestExecutionListener, org.springframework.test.context.transaction.TransactionalTestExecutionListener, org.springframework.test.context.jdbc.SqlScriptsTestExecutionListener, org.springframework.test.context.event.EventPublishingTestExecutionListener]
23:11:26.587 [Test worker] INFO org.springframework.boot.test.context.SpringBootTestContextBootstrapper - Using TestExecutionListeners: [org.springframework.test.context.web.ServletTestExecutionListener@9bd0fa6, org.springframework.test.context.support.DirtiesContextBeforeModesTestExecutionListener@59d2103b, org.springframework.test.context.event.ApplicationEventsTestExecutionListener@39dcf4b0, org.springframework.boot.test.mock.mockito.MockitoTestExecutionListener@6e4de19b, org.springframework.boot.test.autoconfigure.SpringBootDependencyInjectionTestExecutionListener@f6c03cb, org.springframework.test.context.support.DirtiesContextTestExecutionListener@46f699d5, org.springframework.test.context.transaction.TransactionalTestExecutionListener@18518ccf, org.springframework.test.context.jdbc.SqlScriptsTestExecutionListener@1991f767, org.springframework.security.test.context.support.WithSecurityContextTestExecutionListener@768ccdc5, org.springframework.test.context.event.EventPublishingTestExecutionListener@4c6daf0, org.springframework.security.test.context.support.ReactorContextTestExecutionListener@10650953, org.springframework.boot.test.autoconfigure.restdocs.RestDocsTestExecutionListener@659eef7, org.springframework.boot.test.autoconfigure.web.client.MockRestServiceServerResetTestExecutionListener@162be91c, org.springframework.boot.test.autoconfigure.web.servlet.MockMvcPrintOnlyOnFailureTestExecutionListener@2488b073, org.springframework.boot.test.autoconfigure.web.servlet.WebDriverTestExecutionListener@1c9f0a20, org.springframework.boot.test.autoconfigure.webservices.client.MockWebServiceServerTestExecutionListener@55787112, org.springframework.boot.test.mock.mockito.ResetMocksTestExecutionListener@1cd201a8]
23:11:26.591 [Test worker] DEBUG org.springframework.test.context.support.AbstractDirtiesContextTestExecutionListener - Before test class: context [DefaultTestContext@34a75079 testClass = JWTCardControllerTest, testInstance = [null], testMethod = [null], testException = [null], mergedContextConfiguration = [WebMergedContextConfiguration@346a361 testClass = JWTCardControllerTest, locations = '{}', classes = '{class com.example.userint.UserIntApplication}', contextInitializerClasses = '[]', activeProfiles = '{}', propertySourceLocations = '{}', propertySourceProperties = '{org.springframework.boot.test.context.SpringBootTestContextBootstrapper=true}', contextCustomizers = set[org.springframework.boot.test.autoconfigure.actuate.metrics.MetricsExportContextCustomizerFactory$DisableMetricExportContextCustomizer@38aa816f, org.springframework.boot.test.autoconfigure.properties.PropertyMappingContextCustomizer@0, org.springframework.boot.test.autoconfigure.web.servlet.WebDriverContextCustomizerFactory$Customizer@6d025197, org.springframework.boot.test.context.filter.ExcludeFilterContextCustomizer@1c481ff2, org.springframework.boot.test.json.DuplicateJsonObjectContextCustomizerFactory$DuplicateJsonObjectContextCustomizer@335b5620, org.springframework.boot.test.mock.mockito.MockitoContextCustomizer@0, org.springframework.boot.test.web.client.TestRestTemplateContextCustomizer@33308786, org.springframework.boot.test.context.SpringBootTestArgs@1, org.springframework.boot.test.context.SpringBootTestWebEnvironment@4ef37659], resourceBasePath = 'src/main/webapp', contextLoader = 'org.springframework.boot.test.context.SpringBootContextLoader', parent = [null]], attributes = map['org.springframework.test.context.web.ServletTestExecutionListener.activateListener' -> true]], class annotated with @DirtiesContext [false] with mode [null].

  .   ____          _            __ _ _
 /\\ / ___'_ __ _ _(_)_ __  __ _ \ \ \ \
( ( )\___ | '_ | '_| | '_ \/ _` | \ \ \ \
 \\/  ___)| |_)| | | | | || (_| |  ) ) ) )
  '  |____| .__|_| |_|_| |_\__, | / / / /
 =========|_|==============|___/=/_/_/_/
 :: Spring Boot ::                (v2.7.4)

2023-11-20 23:11:26.988  WARN 83652 --- [    Test worker] ory$DuplicateJsonObjectContextCustomizer : 

Found multiple occurrences of org.json.JSONObject on the class path:

	jar:file:/Users/cristianescujuri/.gradle/caches/modules-2/files-2.1/org.json/json/20220924/5aa95e7688f76c664af205c5937620f02688dfbc/json-20220924.jar!/org/json/JSONObject.class
	jar:file:/Users/cristianescujuri/.gradle/caches/modules-2/files-2.1/com.vaadin.external.google/android-json/0.0.20131108.vaadin1/fa26d351fe62a6a17f5cda1287c1c6110dec413f/android-json-0.0.20131108.vaadin1.jar!/org/json/JSONObject.class

You may wish to exclude one of them to ensure predictable runtime behavior

2023-11-20 23:11:27.006  INFO 83652 --- [    Test worker] c.e.u.controller.JWTCardControllerTest   : Starting JWTCardControllerTest using Java 17.0.7 on MacBook-Pro-de-Cristian.local with PID 83652 (started by cristianescujuri in /Users/cristianescujuri/Desktop/user-int)
2023-11-20 23:11:27.007  INFO 83652 --- [    Test worker] c.e.u.controller.JWTCardControllerTest   : No active profile set, falling back to 1 default profile: "default"
2023-11-20 23:11:28.229  INFO 83652 --- [    Test worker] .s.d.r.c.RepositoryConfigurationDelegate : Bootstrapping Spring Data JPA repositories in DEFAULT mode.
2023-11-20 23:11:28.301  INFO 83652 --- [    Test worker] .s.d.r.c.RepositoryConfigurationDelegate : Finished Spring Data repository scanning in 63 ms. Found 7 JPA repository interfaces.
2023-11-20 23:11:28.952  INFO 83652 --- [    Test worker] o.f.c.internal.license.VersionPrinter    : Flyway Community Edition 8.5.13 by Redgate
2023-11-20 23:11:28.953  INFO 83652 --- [    Test worker] o.f.c.internal.license.VersionPrinter    : See what's new here: https://flywaydb.org/documentation/learnmore/releaseNotes#8.5.13
2023-11-20 23:11:28.953  INFO 83652 --- [    Test worker] o.f.c.internal.license.VersionPrinter    : 
2023-11-20 23:11:28.962  INFO 83652 --- [    Test worker] com.zaxxer.hikari.HikariDataSource       : HikariPool-1 - Starting...
2023-11-20 23:11:31.932  INFO 83652 --- [    Test worker] com.zaxxer.hikari.HikariDataSource       : HikariPool-1 - Start completed.
2023-11-20 23:11:32.397  INFO 83652 --- [    Test worker] o.f.c.i.database.base.BaseDatabaseType   : Database: jdbc:postgresql://roundhouse.proxy.rlwy.net:50462/railway (PostgreSQL 16.0)
2023-11-20 23:11:33.929  WARN 83652 --- [    Test worker] o.f.c.internal.database.base.Database    : Flyway upgrade recommended: PostgreSQL 16.0 is newer than this version of Flyway and support has not been tested. The latest supported version of PostgreSQL is 14.
2023-11-20 23:11:35.054  INFO 83652 --- [    Test worker] o.f.core.internal.command.DbValidate     : Successfully validated 1 migration (execution time 00:00.895s)
2023-11-20 23:11:36.574  INFO 83652 --- [    Test worker] o.f.core.internal.command.DbMigrate      : Current version of schema "public": 1.0
2023-11-20 23:11:36.784  INFO 83652 --- [    Test worker] o.f.core.internal.command.DbMigrate      : Schema "public" is up to date. No migration necessary.
2023-11-20 23:11:37.619  INFO 83652 --- [    Test worker] o.hibernate.jpa.internal.util.LogHelper  : HHH000204: Processing PersistenceUnitInfo [name: default]
2023-11-20 23:11:37.682  INFO 83652 --- [    Test worker] org.hibernate.Version                    : HHH000412: Hibernate ORM core version 5.6.11.Final
2023-11-20 23:11:37.875  INFO 83652 --- [    Test worker] o.hibernate.annotations.common.Version   : HCANN000001: Hibernate Commons Annotations {5.1.2.Final}
2023-11-20 23:11:38.217  INFO 83652 --- [    Test worker] org.hibernate.dialect.Dialect            : HHH000400: Using dialect: org.hibernate.dialect.PostgreSQLDialect
2023-11-20 23:11:38.688  INFO 83652 --- [    Test worker] Hibernate Types                          : This framework is proudly powered by:

>>>>>>>>>>>>>>>>>>>>>>>>>>>>>>>>>>>>>>>>>>>>>>>>>>>>>>>>>>>>>>>>
 _    _                           _     _
| |  | |                         (_)   | |
| |__| |_   _ _ __   ___ _ __ ___ _ ___| |_ ___ _ __   ___ ___
|  __  | | | | '_ \ / _ \ '__/ __| / __| __/ _ \ '_ \ / __/ _ \
| |  | | |_| | |_) |  __/ |  \__ \ \__ \ ||  __/ | | | (_|  __/
|_|  |_|\__, | .__/ \___|_|  |___/_|___/\__\___|_| |_|\___\___|
         __/ | |
        |___/|_|

At Hypersistence, we only build amazing tools, like Hibernate Types, Flexy Pool, or Hypersistence Optimizer.

What if there were a tool that could automatically detect JPA and Hibernate performance issues?

Hypersistence Optimizer is that tool! For more details, go to: 

https://vladmihalcea.com/hypersistence-optimizer/
<<<<<<<<<<<<<<<<<<<<<<<<<<<<<<<<<<<<<<<<<<<<<<<<<<<<<<<<<<<<<<<<

2023-11-20 23:11:39.349  INFO 83652 --- [    Test worker] o.h.e.t.j.p.i.JtaPlatformInitiator       : HHH000490: Using JtaPlatform implementation: [org.hibernate.engine.transaction.jta.platform.internal.NoJtaPlatform]
2023-11-20 23:11:39.358  INFO 83652 --- [    Test worker] j.LocalContainerEntityManagerFactoryBean : Initialized JPA EntityManagerFactory for persistence unit 'default'
2023-11-20 23:11:39.431  WARN 83652 --- [    Test worker] JpaBaseConfiguration$JpaWebConfiguration : spring.jpa.open-in-view is enabled by default. Therefore, database queries may be performed during view rendering. Explicitly configure spring.jpa.open-in-view to disable this warning
2023-11-20 23:11:41.426  INFO 83652 --- [    Test worker] o.s.s.web.DefaultSecurityFilterChain     : Will secure any request with [org.springframework.security.web.session.DisableEncodeUrlFilter@33544cc5, org.springframework.security.web.context.request.async.WebAsyncManagerIntegrationFilter@2080ee70, org.springframework.security.web.context.SecurityContextPersistenceFilter@363a1d8d, org.springframework.security.web.header.HeaderWriterFilter@41fbe8c0, org.springframework.web.filter.CorsFilter@1bce19db, org.springframework.security.web.authentication.logout.LogoutFilter@6ddeeb78, com.example.userint.jwt.JwtRequestFilter@78d49939, org.springframework.security.web.savedrequest.RequestCacheAwareFilter@2e1c3b8f, org.springframework.security.web.servletapi.SecurityContextHolderAwareRequestFilter@67fdc1e9, org.springframework.security.web.authentication.AnonymousAuthenticationFilter@4c1f4817, org.springframework.security.web.session.SessionManagementFilter@6eaa5458, org.springframework.security.web.access.ExceptionTranslationFilter@40949bb0, org.springframework.security.web.access.intercept.FilterSecurityInterceptor@25a2a71d]
2023-11-20 23:11:42.435  INFO 83652 --- [    Test worker] o.s.m.s.b.SimpleBrokerMessageHandler     : Starting...
2023-11-20 23:11:42.436  INFO 83652 --- [    Test worker] o.s.m.s.b.SimpleBrokerMessageHandler     : BrokerAvailabilityEvent[available=true, SimpleBrokerMessageHandler [org.springframework.messaging.simp.broker.DefaultSubscriptionRegistry@cdf3815]]
2023-11-20 23:11:42.437  INFO 83652 --- [    Test worker] o.s.m.s.b.SimpleBrokerMessageHandler     : Started.
2023-11-20 23:11:42.446  INFO 83652 --- [    Test worker] c.e.u.controller.JWTCardControllerTest   : Started JWTCardControllerTest in 15.805 seconds (JVM running for 17.136)
Hibernate: select cards0_.id as id1_0_, cards0_.card_cvv as card_cvv2_0_, cards0_.card_expiration_date as card_exp3_0_, cards0_.card_number as card_num4_0_, cards0_.card_operator as card_ope5_0_, cards0_.users_id as users_id6_0_ from cards cards0_ left outer join users users1_ on cards0_.users_id=users1_.id where users1_.code=? and cards0_.card_number=?
Hibernate: select users0_.id as id1_5_0_, users0_.adress as adress2_5_0_, users0_.code as code3_5_0_, users0_.created_at as created_4_5_0_, users0_.date_validationotp as date_val5_5_0_, users0_.email as email6_5_0_, users0_.favorites as favorite7_5_0_, users0_.icon as icon8_5_0_, users0_.last_name as last_nam9_5_0_, users0_.name as name10_5_0_, users0_.otp_code as otp_cod11_5_0_, users0_.password as passwor12_5_0_, users0_.phone as phone13_5_0_, users0_.rol as rol14_5_0_, users0_.updated_at as updated15_5_0_, users0_.user_name as user_na16_5_0_ from users users0_ where users0_.id=?
Hibernate: select cards0_.id as id1_0_0_, cards0_.card_cvv as card_cvv2_0_0_, cards0_.card_expiration_date as card_exp3_0_0_, cards0_.card_number as card_num4_0_0_, cards0_.card_operator as card_ope5_0_0_, cards0_.users_id as users_id6_0_0_ from cards cards0_ where cards0_.id=?
Hibernate: select users0_.id as id1_5_0_, users0_.adress as adress2_5_0_, users0_.code as code3_5_0_, users0_.created_at as created_4_5_0_, users0_.date_validationotp as date_val5_5_0_, users0_.email as email6_5_0_, users0_.favorites as favorite7_5_0_, users0_.icon as icon8_5_0_, users0_.last_name as last_nam9_5_0_, users0_.name as name10_5_0_, users0_.otp_code as otp_cod11_5_0_, users0_.password as passwor12_5_0_, users0_.phone as phone13_5_0_, users0_.rol as rol14_5_0_, users0_.updated_at as updated15_5_0_, users0_.user_name as user_na16_5_0_ from users users0_ where users0_.id=?
Hibernate: update cards set card_cvv=?, card_expiration_date=?, card_number=?, card_operator=?, users_id=? where id=?
Hibernate: select cards0_.id as id1_0_, cards0_.card_cvv as card_cvv2_0_, cards0_.card_expiration_date as card_exp3_0_, cards0_.card_number as card_num4_0_, cards0_.card_operator as card_ope5_0_, cards0_.users_id as users_id6_0_ from cards cards0_ left outer join users users1_ on cards0_.users_id=users1_.id where users1_.code=?
Hibernate: select users0_.id as id1_5_0_, users0_.adress as adress2_5_0_, users0_.code as code3_5_0_, users0_.created_at as created_4_5_0_, users0_.date_validationotp as date_val5_5_0_, users0_.email as email6_5_0_, users0_.favorites as favorite7_5_0_, users0_.icon as icon8_5_0_, users0_.last_name as last_nam9_5_0_, users0_.name as name10_5_0_, users0_.otp_code as otp_cod11_5_0_, users0_.password as passwor12_5_0_, users0_.phone as phone13_5_0_, users0_.rol as rol14_5_0_, users0_.updated_at as updated15_5_0_, users0_.user_name as user_na16_5_0_ from users users0_ where users0_.id=?
Hibernate: select cards0_.id as id1_0_, cards0_.card_cvv as card_cvv2_0_, cards0_.card_expiration_date as card_exp3_0_, cards0_.card_number as card_num4_0_, cards0_.card_operator as card_ope5_0_, cards0_.users_id as users_id6_0_ from cards cards0_ left outer join users users1_ on cards0_.users_id=users1_.id where users1_.code=? and cards0_.card_number=?
Hibernate: select users0_.id as id1_5_0_, users0_.adress as adress2_5_0_, users0_.code as code3_5_0_, users0_.created_at as created_4_5_0_, users0_.date_validationotp as date_val5_5_0_, users0_.email as email6_5_0_, users0_.favorites as favorite7_5_0_, users0_.icon as icon8_5_0_, users0_.last_name as last_nam9_5_0_, users0_.name as name10_5_0_, users0_.otp_code as otp_cod11_5_0_, users0_.password as passwor12_5_0_, users0_.phone as phone13_5_0_, users0_.rol as rol14_5_0_, users0_.updated_at as updated15_5_0_, users0_.user_name as user_na16_5_0_ from users users0_ where users0_.id=?
Hibernate: select cards0_.id as id1_0_0_, cards0_.card_cvv as card_cvv2_0_0_, cards0_.card_expiration_date as card_exp3_0_0_, cards0_.card_number as card_num4_0_0_, cards0_.card_operator as card_ope5_0_0_, cards0_.users_id as users_id6_0_0_ from cards cards0_ where cards0_.id=?
Hibernate: select users0_.id as id1_5_0_, users0_.adress as adress2_5_0_, users0_.code as code3_5_0_, users0_.created_at as created_4_5_0_, users0_.date_validationotp as date_val5_5_0_, users0_.email as email6_5_0_, users0_.favorites as favorite7_5_0_, users0_.icon as icon8_5_0_, users0_.last_name as last_nam9_5_0_, users0_.name as name10_5_0_, users0_.otp_code as otp_cod11_5_0_, users0_.password as passwor12_5_0_, users0_.phone as phone13_5_0_, users0_.rol as rol14_5_0_, users0_.updated_at as updated15_5_0_, users0_.user_name as user_na16_5_0_ from users users0_ where users0_.id=?
Hibernate: update cards set card_cvv=?, card_expiration_date=?, card_number=?, card_operator=?, users_id=? where id=?
Hibernate: select cards0_.id as id1_0_, cards0_.card_cvv as card_cvv2_0_, cards0_.card_expiration_date as card_exp3_0_, cards0_.card_number as card_num4_0_, cards0_.card_operator as card_ope5_0_, cards0_.users_id as users_id6_0_ from cards cards0_ left outer join users users1_ on cards0_.users_id=users1_.id where users1_.code=?
Hibernate: select users0_.id as id1_5_0_, users0_.adress as adress2_5_0_, users0_.code as code3_5_0_, users0_.created_at as created_4_5_0_, users0_.date_validationotp as date_val5_5_0_, users0_.email as email6_5_0_, users0_.favorites as favorite7_5_0_, users0_.icon as icon8_5_0_, users0_.last_name as last_nam9_5_0_, users0_.name as name10_5_0_, users0_.otp_code as otp_cod11_5_0_, users0_.password as passwor12_5_0_, users0_.phone as phone13_5_0_, users0_.rol as rol14_5_0_, users0_.updated_at as updated15_5_0_, users0_.user_name as user_na16_5_0_ from users users0_ where users0_.id=?
Hibernate: select cards0_.id as id1_0_, cards0_.card_cvv as card_cvv2_0_, cards0_.card_expiration_date as card_exp3_0_, cards0_.card_number as card_num4_0_, cards0_.card_operator as card_ope5_0_, cards0_.users_id as users_id6_0_ from cards cards0_ left outer join users users1_ on cards0_.users_id=users1_.id where users1_.code=?
Hibernate: select users0_.id as id1_5_0_, users0_.adress as adress2_5_0_, users0_.code as code3_5_0_, users0_.created_at as created_4_5_0_, users0_.date_validationotp as date_val5_5_0_, users0_.email as email6_5_0_, users0_.favorites as favorite7_5_0_, users0_.icon as icon8_5_0_, users0_.last_name as last_nam9_5_0_, users0_.name as name10_5_0_, users0_.otp_code as otp_cod11_5_0_, users0_.password as passwor12_5_0_, users0_.phone as phone13_5_0_, users0_.rol as rol14_5_0_, users0_.updated_at as updated15_5_0_, users0_.user_name as user_na16_5_0_ from users users0_ where users0_.id=?
Hibernate: select users0_.id as id1_5_, users0_.adress as adress2_5_, users0_.code as code3_5_, users0_.created_at as created_4_5_, users0_.date_validationotp as date_val5_5_, users0_.email as email6_5_, users0_.favorites as favorite7_5_, users0_.icon as icon8_5_, users0_.last_name as last_nam9_5_, users0_.name as name10_5_, users0_.otp_code as otp_cod11_5_, users0_.password as passwor12_5_, users0_.phone as phone13_5_, users0_.rol as rol14_5_, users0_.updated_at as updated15_5_, users0_.user_name as user_na16_5_ from users users0_ where users0_.code=?
Hibernate: insert into cards (card_cvv, card_expiration_date, card_number, card_operator, users_id) values (?, ?, ?, ?, ?)
Hibernate: select cards0_.id as id1_0_, cards0_.card_cvv as card_cvv2_0_, cards0_.card_expiration_date as card_exp3_0_, cards0_.card_number as card_num4_0_, cards0_.card_operator as card_ope5_0_, cards0_.users_id as users_id6_0_ from cards cards0_ left outer join users users1_ on cards0_.users_id=users1_.id where users1_.code=? and cards0_.card_number=?
Hibernate: select users0_.id as id1_5_0_, users0_.adress as adress2_5_0_, users0_.code as code3_5_0_, users0_.created_at as created_4_5_0_, users0_.date_validationotp as date_val5_5_0_, users0_.email as email6_5_0_, users0_.favorites as favorite7_5_0_, users0_.icon as icon8_5_0_, users0_.last_name as last_nam9_5_0_, users0_.name as name10_5_0_, users0_.otp_code as otp_cod11_5_0_, users0_.password as passwor12_5_0_, users0_.phone as phone13_5_0_, users0_.rol as rol14_5_0_, users0_.updated_at as updated15_5_0_, users0_.user_name as user_na16_5_0_ from users users0_ where users0_.id=?
Hibernate: select cards0_.id as id1_0_0_, cards0_.card_cvv as card_cvv2_0_0_, cards0_.card_expiration_date as card_exp3_0_0_, cards0_.card_number as card_num4_0_0_, cards0_.card_operator as card_ope5_0_0_, cards0_.users_id as users_id6_0_0_, users1_.id as id1_5_1_, users1_.adress as adress2_5_1_, users1_.code as code3_5_1_, users1_.created_at as created_4_5_1_, users1_.date_validationotp as date_val5_5_1_, users1_.email as email6_5_1_, users1_.favorites as favorite7_5_1_, users1_.icon as icon8_5_1_, users1_.last_name as last_nam9_5_1_, users1_.name as name10_5_1_, users1_.otp_code as otp_cod11_5_1_, users1_.password as passwor12_5_1_, users1_.phone as phone13_5_1_, users1_.rol as rol14_5_1_, users1_.updated_at as updated15_5_1_, users1_.user_name as user_na16_5_1_ from cards cards0_ left outer join users users1_ on cards0_.users_id=users1_.id where cards0_.id=?
Hibernate: delete from cards where id=?
]]></system-out>
  <system-err><![CDATA[]]></system-err>
</testsuite>
