<?xml version="1.0" encoding="UTF-8"?>
<testsuite name="com.example.userint.controller.JWTClaimsCOntrollerTest" tests="3" skipped="0" failures="0" errors="0" timestamp="2023-11-20T23:56:39" hostname="MacBook-Pro-de-Cristian.local" time="4.075">
  <properties/>
  <testcase name="updateClaims()" classname="com.example.userint.controller.JWTClaimsCOntrollerTest" time="0.662"/>
  <testcase name="createClaim()" classname="com.example.userint.controller.JWTClaimsCOntrollerTest" time="2.905"/>
  <testcase name="getClaims()" classname="com.example.userint.controller.JWTClaimsCOntrollerTest" time="0.504"/>
  <system-out><![CDATA[2023-11-20 20:56:39.382  INFO 75235 --- [    Test worker] .b.t.c.SpringBootTestContextBootstrapper : Neither @ContextConfiguration nor @ContextHierarchy found for test class [com.example.userint.controller.JWTClaimsCOntrollerTest], using SpringBootContextLoader
2023-11-20 20:56:39.383  INFO 75235 --- [    Test worker] o.s.t.c.support.AbstractContextLoader    : Could not detect default resource locations for test class [com.example.userint.controller.JWTClaimsCOntrollerTest]: no resource found for suffixes {-context.xml, Context.groovy}.
2023-11-20 20:56:39.384  INFO 75235 --- [    Test worker] t.c.s.AnnotationConfigContextLoaderUtils : Could not detect default configuration classes for test class [com.example.userint.controller.JWTClaimsCOntrollerTest]: JWTClaimsCOntrollerTest does not declare any static, non-private, non-final, nested classes annotated with @Configuration.
2023-11-20 20:56:39.386  INFO 75235 --- [    Test worker] .b.t.c.SpringBootTestContextBootstrapper : Found @SpringBootConfiguration com.example.userint.UserIntApplication for test class com.example.userint.controller.JWTClaimsCOntrollerTest
2023-11-20 20:56:39.387  INFO 75235 --- [    Test worker] .b.t.c.SpringBootTestContextBootstrapper : Loaded default TestExecutionListener class names from location [META-INF/spring.factories]: [org.springframework.security.test.context.support.WithSecurityContextTestExecutionListener, org.springframework.security.test.context.support.ReactorContextTestExecutionListener, org.springframework.boot.test.autoconfigure.restdocs.RestDocsTestExecutionListener, org.springframework.boot.test.autoconfigure.web.client.MockRestServiceServerResetTestExecutionListener, org.springframework.boot.test.autoconfigure.web.servlet.MockMvcPrintOnlyOnFailureTestExecutionListener, org.springframework.boot.test.autoconfigure.web.servlet.WebDriverTestExecutionListener, org.springframework.boot.test.autoconfigure.webservices.client.MockWebServiceServerTestExecutionListener, org.springframework.boot.test.mock.mockito.MockitoTestExecutionListener, org.springframework.boot.test.mock.mockito.ResetMocksTestExecutionListener, org.springframework.test.context.web.ServletTestExecutionListener, org.springframework.test.context.support.DirtiesContextBeforeModesTestExecutionListener, org.springframework.test.context.event.ApplicationEventsTestExecutionListener, org.springframework.test.context.support.DependencyInjectionTestExecutionListener, org.springframework.test.context.support.DirtiesContextTestExecutionListener, org.springframework.test.context.transaction.TransactionalTestExecutionListener, org.springframework.test.context.jdbc.SqlScriptsTestExecutionListener, org.springframework.test.context.event.EventPublishingTestExecutionListener]
2023-11-20 20:56:39.388  INFO 75235 --- [    Test worker] .b.t.c.SpringBootTestContextBootstrapper : Using TestExecutionListeners: [org.springframework.test.context.web.ServletTestExecutionListener@32c503d3, org.springframework.test.context.support.DirtiesContextBeforeModesTestExecutionListener@5626cb89, org.springframework.test.context.event.ApplicationEventsTestExecutionListener@38c38c5a, org.springframework.boot.test.mock.mockito.MockitoTestExecutionListener@38dacb78, org.springframework.boot.test.autoconfigure.SpringBootDependencyInjectionTestExecutionListener@221b9c2b, org.springframework.test.context.support.DirtiesContextTestExecutionListener@42017162, org.springframework.test.context.transaction.TransactionalTestExecutionListener@66049424, org.springframework.test.context.jdbc.SqlScriptsTestExecutionListener@8eb1297, org.springframework.security.test.context.support.WithSecurityContextTestExecutionListener@766f2d65, org.springframework.test.context.event.EventPublishingTestExecutionListener@3f2cc8ab, org.springframework.security.test.context.support.ReactorContextTestExecutionListener@7dcbcede, org.springframework.boot.test.autoconfigure.restdocs.RestDocsTestExecutionListener@2de4045a, org.springframework.boot.test.autoconfigure.web.client.MockRestServiceServerResetTestExecutionListener@22ef1086, org.springframework.boot.test.autoconfigure.web.servlet.MockMvcPrintOnlyOnFailureTestExecutionListener@7b5ffde0, org.springframework.boot.test.autoconfigure.web.servlet.WebDriverTestExecutionListener@5841716b, org.springframework.boot.test.autoconfigure.webservices.client.MockWebServiceServerTestExecutionListener@550a78ed, org.springframework.boot.test.mock.mockito.ResetMocksTestExecutionListener@fbb39ea]
Hibernate: select claim0_.id as id1_1_0_, claim0_.code as code2_1_0_, claim0_.created_at as created_3_1_0_, claim0_.description as descript4_1_0_, claim0_.driver_name as driver_n5_1_0_, claim0_.is_finished as is_finis6_1_0_, claim0_.status as status7_1_0_, claim0_.title as title8_1_0_, claim0_.trip_code as trip_cod9_1_0_, claim0_.updated_at as updated10_1_0_, claim0_.users_id as users_i11_1_0_, users1_.id as id1_5_1_, users1_.adress as adress2_5_1_, users1_.code as code3_5_1_, users1_.created_at as created_4_5_1_, users1_.date_validationotp as date_val5_5_1_, users1_.email as email6_5_1_, users1_.favorites as favorite7_5_1_, users1_.icon as icon8_5_1_, users1_.last_name as last_nam9_5_1_, users1_.name as name10_5_1_, users1_.otp_code as otp_cod11_5_1_, users1_.password as passwor12_5_1_, users1_.phone as phone13_5_1_, users1_.rol as rol14_5_1_, users1_.updated_at as updated15_5_1_, users1_.user_name as user_na16_5_1_ from claim claim0_ left outer join users users1_ on claim0_.users_id=users1_.id where claim0_.id=?
Hibernate: update claim set code=?, created_at=?, description=?, driver_name=?, is_finished=?, status=?, title=?, trip_code=?, updated_at=?, users_id=? where id=?
Hibernate: select users0_.id as id1_5_, users0_.adress as adress2_5_, users0_.code as code3_5_, users0_.created_at as created_4_5_, users0_.date_validationotp as date_val5_5_, users0_.email as email6_5_, users0_.favorites as favorite7_5_, users0_.icon as icon8_5_, users0_.last_name as last_nam9_5_, users0_.name as name10_5_, users0_.otp_code as otp_cod11_5_, users0_.password as passwor12_5_, users0_.phone as phone13_5_, users0_.rol as rol14_5_, users0_.updated_at as updated15_5_, users0_.user_name as user_na16_5_ from users users0_ where users0_.code=?
Hibernate: select trips0_.id as id1_4_, trips0_.code as code2_4_, trips0_.created_at as created_3_4_, trips0_.distancia as distanci4_4_, trips0_.drivers_id as drivers14_4_, trips0_.from_trip as from_tri5_4_, trips0_.is_mobility_reduce as is_mobil6_4_, trips0_.is_cancel as is_cance7_4_, trips0_.is_finished as is_finis8_4_, trips0_.payment_type as payment_9_4_, trips0_.precio as precio10_4_, trips0_.since_trip as since_t11_4_, trips0_.status as status12_4_, trips0_.updated_at as updated13_4_, trips0_.users_id as users_i15_4_ from trips trips0_ where trips0_.code=?
Hibernate: select drivers0_.id as id1_2_0_, drivers0_.car as car2_2_0_, drivers0_.created_at as created_3_2_0_, drivers0_.date_come as date_com4_2_0_, drivers0_.full_name as full_nam5_2_0_, drivers0_.icon as icon6_2_0_, drivers0_.id_chofer as id_chofe7_2_0_, drivers0_.patent as patent8_2_0_, drivers0_.updated_at as updated_9_2_0_ from drivers drivers0_ where drivers0_.id=?
Hibernate: insert into claim (code, created_at, description, driver_name, is_finished, status, title, trip_code, updated_at, users_id) values (?, ?, ?, ?, ?, ?, ?, ?, ?, ?)
Hibernate: select claim0_.id as id1_1_, claim0_.code as code2_1_, claim0_.created_at as created_3_1_, claim0_.description as descript4_1_, claim0_.driver_name as driver_n5_1_, claim0_.is_finished as is_finis6_1_, claim0_.status as status7_1_, claim0_.title as title8_1_, claim0_.trip_code as trip_cod9_1_, claim0_.updated_at as updated10_1_, claim0_.users_id as users_i11_1_ from claim claim0_ left outer join users users1_ on claim0_.users_id=users1_.id where users1_.code=?
Hibernate: select users0_.id as id1_5_0_, users0_.adress as adress2_5_0_, users0_.code as code3_5_0_, users0_.created_at as created_4_5_0_, users0_.date_validationotp as date_val5_5_0_, users0_.email as email6_5_0_, users0_.favorites as favorite7_5_0_, users0_.icon as icon8_5_0_, users0_.last_name as last_nam9_5_0_, users0_.name as name10_5_0_, users0_.otp_code as otp_cod11_5_0_, users0_.password as passwor12_5_0_, users0_.phone as phone13_5_0_, users0_.rol as rol14_5_0_, users0_.updated_at as updated15_5_0_, users0_.user_name as user_na16_5_0_ from users users0_ where users0_.id=?
]]></system-out>
  <system-err><![CDATA[]]></system-err>
</testsuite>
