<?xml version="1.0" encoding="UTF-8"?>
<testsuite name="com.example.userint.controller.JwtReviewsControllerV1Tests" tests="1" skipped="0" failures="0" errors="0" timestamp="2023-11-21T02:12:06" hostname="MacBook-Pro-de-Cristian.local" time="2.747">
  <properties/>
  <testcase name="createReviewSuccessful()" classname="com.example.userint.controller.JwtReviewsControllerV1Tests" time="2.747"/>
  <system-out><![CDATA[2023-11-20 23:12:06.110  INFO 83652 --- [    Test worker] .b.t.c.SpringBootTestContextBootstrapper : Neither @ContextConfiguration nor @ContextHierarchy found for test class [com.example.userint.controller.JwtReviewsControllerV1Tests], using SpringBootContextLoader
2023-11-20 23:12:06.111  INFO 83652 --- [    Test worker] o.s.t.c.support.AbstractContextLoader    : Could not detect default resource locations for test class [com.example.userint.controller.JwtReviewsControllerV1Tests]: no resource found for suffixes {-context.xml, Context.groovy}.
2023-11-20 23:12:06.112  INFO 83652 --- [    Test worker] t.c.s.AnnotationConfigContextLoaderUtils : Could not detect default configuration classes for test class [com.example.userint.controller.JwtReviewsControllerV1Tests]: JwtReviewsControllerV1Tests does not declare any static, non-private, non-final, nested classes annotated with @Configuration.
2023-11-20 23:12:06.114  INFO 83652 --- [    Test worker] .b.t.c.SpringBootTestContextBootstrapper : Found @SpringBootConfiguration com.example.userint.UserIntApplication for test class com.example.userint.controller.JwtReviewsControllerV1Tests
2023-11-20 23:12:06.115  INFO 83652 --- [    Test worker] .b.t.c.SpringBootTestContextBootstrapper : Loaded default TestExecutionListener class names from location [META-INF/spring.factories]: [org.springframework.security.test.context.support.WithSecurityContextTestExecutionListener, org.springframework.security.test.context.support.ReactorContextTestExecutionListener, org.springframework.boot.test.autoconfigure.restdocs.RestDocsTestExecutionListener, org.springframework.boot.test.autoconfigure.web.client.MockRestServiceServerResetTestExecutionListener, org.springframework.boot.test.autoconfigure.web.servlet.MockMvcPrintOnlyOnFailureTestExecutionListener, org.springframework.boot.test.autoconfigure.web.servlet.WebDriverTestExecutionListener, org.springframework.boot.test.autoconfigure.webservices.client.MockWebServiceServerTestExecutionListener, org.springframework.boot.test.mock.mockito.MockitoTestExecutionListener, org.springframework.boot.test.mock.mockito.ResetMocksTestExecutionListener, org.springframework.test.context.web.ServletTestExecutionListener, org.springframework.test.context.support.DirtiesContextBeforeModesTestExecutionListener, org.springframework.test.context.event.ApplicationEventsTestExecutionListener, org.springframework.test.context.support.DependencyInjectionTestExecutionListener, org.springframework.test.context.support.DirtiesContextTestExecutionListener, org.springframework.test.context.transaction.TransactionalTestExecutionListener, org.springframework.test.context.jdbc.SqlScriptsTestExecutionListener, org.springframework.test.context.event.EventPublishingTestExecutionListener]
2023-11-20 23:12:06.116  INFO 83652 --- [    Test worker] .b.t.c.SpringBootTestContextBootstrapper : Using TestExecutionListeners: [org.springframework.test.context.web.ServletTestExecutionListener@339ecd3f, org.springframework.test.context.support.DirtiesContextBeforeModesTestExecutionListener@15f12e7b, org.springframework.test.context.event.ApplicationEventsTestExecutionListener@102fcc80, org.springframework.boot.test.mock.mockito.MockitoTestExecutionListener@56221350, org.springframework.boot.test.autoconfigure.SpringBootDependencyInjectionTestExecutionListener@1390db9e, org.springframework.test.context.support.DirtiesContextTestExecutionListener@f0ead61, org.springframework.test.context.transaction.TransactionalTestExecutionListener@61ab2bcc, org.springframework.test.context.jdbc.SqlScriptsTestExecutionListener@27551c3a, org.springframework.security.test.context.support.WithSecurityContextTestExecutionListener@328c6f65, org.springframework.test.context.event.EventPublishingTestExecutionListener@4893a9f0, org.springframework.security.test.context.support.ReactorContextTestExecutionListener@70de1e65, org.springframework.boot.test.autoconfigure.restdocs.RestDocsTestExecutionListener@7f657888, org.springframework.boot.test.autoconfigure.web.client.MockRestServiceServerResetTestExecutionListener@2ec3d746, org.springframework.boot.test.autoconfigure.web.servlet.MockMvcPrintOnlyOnFailureTestExecutionListener@7bca3747, org.springframework.boot.test.autoconfigure.web.servlet.WebDriverTestExecutionListener@7be7236d, org.springframework.boot.test.autoconfigure.webservices.client.MockWebServiceServerTestExecutionListener@2f92b5a1, org.springframework.boot.test.mock.mockito.ResetMocksTestExecutionListener@1f5b3ef2]
Hibernate: select trips0_.id as id1_4_, trips0_.code as code2_4_, trips0_.created_at as created_3_4_, trips0_.distancia as distanci4_4_, trips0_.drivers_id as drivers14_4_, trips0_.from_trip as from_tri5_4_, trips0_.is_mobility_reduce as is_mobil6_4_, trips0_.is_cancel as is_cance7_4_, trips0_.is_finished as is_finis8_4_, trips0_.payment_type as payment_9_4_, trips0_.precio as precio10_4_, trips0_.since_trip as since_t11_4_, trips0_.status as status12_4_, trips0_.updated_at as updated13_4_, trips0_.users_id as users_i15_4_ from trips trips0_ where trips0_.code=?
Hibernate: select drivers0_.id as id1_2_0_, drivers0_.car as car2_2_0_, drivers0_.created_at as created_3_2_0_, drivers0_.date_come as date_com4_2_0_, drivers0_.full_name as full_nam5_2_0_, drivers0_.icon as icon6_2_0_, drivers0_.id_chofer as id_chofe7_2_0_, drivers0_.patent as patent8_2_0_, drivers0_.updated_at as updated_9_2_0_ from drivers drivers0_ where drivers0_.id=?
Hibernate: select users0_.id as id1_5_0_, users0_.adress as adress2_5_0_, users0_.code as code3_5_0_, users0_.created_at as created_4_5_0_, users0_.date_validationotp as date_val5_5_0_, users0_.email as email6_5_0_, users0_.favorites as favorite7_5_0_, users0_.icon as icon8_5_0_, users0_.last_name as last_nam9_5_0_, users0_.name as name10_5_0_, users0_.otp_code as otp_cod11_5_0_, users0_.password as passwor12_5_0_, users0_.phone as phone13_5_0_, users0_.rol as rol14_5_0_, users0_.updated_at as updated15_5_0_, users0_.user_name as user_na16_5_0_ from users users0_ where users0_.id=?
Hibernate: insert into reviews (created_at, driver_id, rating, trip_code) values (?, ?, ?, ?)
]]></system-out>
  <system-err><![CDATA[]]></system-err>
</testsuite>
