<?xml version="1.0" encoding="UTF-8"?>
<testsuite name="com.example.userint.controller.JwtLoginControllerV1Test" tests="3" skipped="0" failures="0" errors="0" timestamp="2023-11-21T02:12:05" hostname="MacBook-Pro-de-Cristian.local" time="0.93">
  <properties/>
  <testcase name="loginRigth()" classname="com.example.userint.controller.JwtLoginControllerV1Test" time="0.475"/>
  <testcase name="loginBadUser()" classname="com.example.userint.controller.JwtLoginControllerV1Test" time="0.226"/>
  <testcase name="loginBadPassword()" classname="com.example.userint.controller.JwtLoginControllerV1Test" time="0.226"/>
  <system-out><![CDATA[2023-11-20 23:12:05.162  INFO 83652 --- [    Test worker] .b.t.c.SpringBootTestContextBootstrapper : Neither @ContextConfiguration nor @ContextHierarchy found for test class [com.example.userint.controller.JwtLoginControllerV1Test], using SpringBootContextLoader
2023-11-20 23:12:05.163  INFO 83652 --- [    Test worker] o.s.t.c.support.AbstractContextLoader    : Could not detect default resource locations for test class [com.example.userint.controller.JwtLoginControllerV1Test]: no resource found for suffixes {-context.xml, Context.groovy}.
2023-11-20 23:12:05.164  INFO 83652 --- [    Test worker] t.c.s.AnnotationConfigContextLoaderUtils : Could not detect default configuration classes for test class [com.example.userint.controller.JwtLoginControllerV1Test]: JwtLoginControllerV1Test does not declare any static, non-private, non-final, nested classes annotated with @Configuration.
2023-11-20 23:12:05.166  INFO 83652 --- [    Test worker] .b.t.c.SpringBootTestContextBootstrapper : Found @SpringBootConfiguration com.example.userint.UserIntApplication for test class com.example.userint.controller.JwtLoginControllerV1Test
2023-11-20 23:12:05.167  INFO 83652 --- [    Test worker] .b.t.c.SpringBootTestContextBootstrapper : Loaded default TestExecutionListener class names from location [META-INF/spring.factories]: [org.springframework.security.test.context.support.WithSecurityContextTestExecutionListener, org.springframework.security.test.context.support.ReactorContextTestExecutionListener, org.springframework.boot.test.autoconfigure.restdocs.RestDocsTestExecutionListener, org.springframework.boot.test.autoconfigure.web.client.MockRestServiceServerResetTestExecutionListener, org.springframework.boot.test.autoconfigure.web.servlet.MockMvcPrintOnlyOnFailureTestExecutionListener, org.springframework.boot.test.autoconfigure.web.servlet.WebDriverTestExecutionListener, org.springframework.boot.test.autoconfigure.webservices.client.MockWebServiceServerTestExecutionListener, org.springframework.boot.test.mock.mockito.MockitoTestExecutionListener, org.springframework.boot.test.mock.mockito.ResetMocksTestExecutionListener, org.springframework.test.context.web.ServletTestExecutionListener, org.springframework.test.context.support.DirtiesContextBeforeModesTestExecutionListener, org.springframework.test.context.event.ApplicationEventsTestExecutionListener, org.springframework.test.context.support.DependencyInjectionTestExecutionListener, org.springframework.test.context.support.DirtiesContextTestExecutionListener, org.springframework.test.context.transaction.TransactionalTestExecutionListener, org.springframework.test.context.jdbc.SqlScriptsTestExecutionListener, org.springframework.test.context.event.EventPublishingTestExecutionListener]
2023-11-20 23:12:05.168  INFO 83652 --- [    Test worker] .b.t.c.SpringBootTestContextBootstrapper : Using TestExecutionListeners: [org.springframework.test.context.web.ServletTestExecutionListener@29726180, org.springframework.test.context.support.DirtiesContextBeforeModesTestExecutionListener@3e83ab7b, org.springframework.test.context.event.ApplicationEventsTestExecutionListener@287cd9b2, org.springframework.boot.test.mock.mockito.MockitoTestExecutionListener@49342fb7, org.springframework.boot.test.autoconfigure.SpringBootDependencyInjectionTestExecutionListener@73703970, org.springframework.test.context.support.DirtiesContextTestExecutionListener@508b9c16, org.springframework.test.context.transaction.TransactionalTestExecutionListener@1ef46efc, org.springframework.test.context.jdbc.SqlScriptsTestExecutionListener@7655a302, org.springframework.security.test.context.support.WithSecurityContextTestExecutionListener@41caf01, org.springframework.test.context.event.EventPublishingTestExecutionListener@87bf8b8, org.springframework.security.test.context.support.ReactorContextTestExecutionListener@35c5e4c5, org.springframework.boot.test.autoconfigure.restdocs.RestDocsTestExecutionListener@6e530ccc, org.springframework.boot.test.autoconfigure.web.client.MockRestServiceServerResetTestExecutionListener@f56c2a0, org.springframework.boot.test.autoconfigure.web.servlet.MockMvcPrintOnlyOnFailureTestExecutionListener@58bf45ca, org.springframework.boot.test.autoconfigure.web.servlet.WebDriverTestExecutionListener@42c661d4, org.springframework.boot.test.autoconfigure.webservices.client.MockWebServiceServerTestExecutionListener@3405202c, org.springframework.boot.test.mock.mockito.ResetMocksTestExecutionListener@dffa7ce]
Hibernate: select users0_.id as id1_5_, users0_.adress as adress2_5_, users0_.code as code3_5_, users0_.created_at as created_4_5_, users0_.date_validationotp as date_val5_5_, users0_.email as email6_5_, users0_.favorites as favorite7_5_, users0_.icon as icon8_5_, users0_.last_name as last_nam9_5_, users0_.name as name10_5_, users0_.otp_code as otp_cod11_5_, users0_.password as passwor12_5_, users0_.phone as phone13_5_, users0_.rol as rol14_5_, users0_.updated_at as updated15_5_, users0_.user_name as user_na16_5_ from users users0_ where users0_.email=?
Hibernate: select users0_.id as id1_5_, users0_.adress as adress2_5_, users0_.code as code3_5_, users0_.created_at as created_4_5_, users0_.date_validationotp as date_val5_5_, users0_.email as email6_5_, users0_.favorites as favorite7_5_, users0_.icon as icon8_5_, users0_.last_name as last_nam9_5_, users0_.name as name10_5_, users0_.otp_code as otp_cod11_5_, users0_.password as passwor12_5_, users0_.phone as phone13_5_, users0_.rol as rol14_5_, users0_.updated_at as updated15_5_, users0_.user_name as user_na16_5_ from users users0_ where users0_.email=?
Hibernate: select users0_.id as id1_5_, users0_.adress as adress2_5_, users0_.code as code3_5_, users0_.created_at as created_4_5_, users0_.date_validationotp as date_val5_5_, users0_.email as email6_5_, users0_.favorites as favorite7_5_, users0_.icon as icon8_5_, users0_.last_name as last_nam9_5_, users0_.name as name10_5_, users0_.otp_code as otp_cod11_5_, users0_.password as passwor12_5_, users0_.phone as phone13_5_, users0_.rol as rol14_5_, users0_.updated_at as updated15_5_, users0_.user_name as user_na16_5_ from users users0_ where users0_.email=?
Hibernate: select users0_.id as id1_5_, users0_.adress as adress2_5_, users0_.code as code3_5_, users0_.created_at as created_4_5_, users0_.date_validationotp as date_val5_5_, users0_.email as email6_5_, users0_.favorites as favorite7_5_, users0_.icon as icon8_5_, users0_.last_name as last_nam9_5_, users0_.name as name10_5_, users0_.otp_code as otp_cod11_5_, users0_.password as passwor12_5_, users0_.phone as phone13_5_, users0_.rol as rol14_5_, users0_.updated_at as updated15_5_, users0_.user_name as user_na16_5_ from users users0_ where users0_.email=?
]]></system-out>
  <system-err><![CDATA[]]></system-err>
</testsuite>
